22-Apr-2020 18:22:36.042 SEVERE [main] org.apache.catalina.core.StandardContext.filterStart Exception starting filter [struts2]
	Unable to load configuration. - action - file:/Users/jaswa-zuch749/Desktop/CTFtIme/build/tomcat/webapps/ROOT/WEB-INF/classes/struts.xml:43:98
		at org.apache.struts2.dispatcher.Dispatcher.init(Dispatcher.java:504)
		at org.apache.struts2.dispatcher.ng.InitOperations.initDispatcher(InitOperations.java:74)
		at org.apache.struts2.dispatcher.ng.filter.StrutsPrepareAndExecuteFilter.init(StrutsPrepareAndExecuteFilter.java:57)
		at org.apache.catalina.core.ApplicationFilterConfig.initFilter(ApplicationFilterConfig.java:270)
		at org.apache.catalina.core.ApplicationFilterConfig.getFilter(ApplicationFilterConfig.java:251)
		at org.apache.catalina.core.ApplicationFilterConfig.<init>(ApplicationFilterConfig.java:102)
		at org.apache.catalina.core.StandardContext.filterStart(StandardContext.java:4530)
		at org.apache.catalina.core.StandardContext.startInternal(StandardContext.java:5169)
		at org.apache.catalina.util.LifecycleBase.start(LifecycleBase.java:183)
		at org.apache.catalina.core.ContainerBase.addChildInternal(ContainerBase.java:717)
		at org.apache.catalina.core.ContainerBase.addChild(ContainerBase.java:690)
		at org.apache.catalina.core.StandardHost.addChild(StandardHost.java:705)
		at org.apache.catalina.startup.HostConfig.deployDirectory(HostConfig.java:1133)
		at org.apache.catalina.startup.HostConfig$DeployDirectory.run(HostConfig.java:1867)
		at java.util.concurrent.Executors$RunnableAdapter.call(Executors.java:511)
		at java.util.concurrent.FutureTask.run(FutureTask.java:266)
		at org.apache.tomcat.util.threads.InlineExecutorService.execute(InlineExecutorService.java:75)
		at java.util.concurrent.AbstractExecutorService.submit(AbstractExecutorService.java:112)
		at org.apache.catalina.startup.HostConfig.deployDirectories(HostConfig.java:1045)
		at org.apache.catalina.startup.HostConfig.deployApps(HostConfig.java:429)
		at org.apache.catalina.startup.HostConfig.start(HostConfig.java:1576)
		at org.apache.catalina.startup.HostConfig.lifecycleEvent(HostConfig.java:309)
		at org.apache.catalina.util.LifecycleBase.fireLifecycleEvent(LifecycleBase.java:123)
		at org.apache.catalina.util.LifecycleBase.setStateInternal(LifecycleBase.java:423)
		at org.apache.catalina.util.LifecycleBase.setState(LifecycleBase.java:366)
		at org.apache.catalina.core.ContainerBase.startInternal(ContainerBase.java:936)
		at org.apache.catalina.core.StandardHost.startInternal(StandardHost.java:841)
		at org.apache.catalina.util.LifecycleBase.start(LifecycleBase.java:183)
		at org.apache.catalina.core.ContainerBase$StartChild.call(ContainerBase.java:1384)
		at org.apache.catalina.core.ContainerBase$StartChild.call(ContainerBase.java:1374)
		at java.util.concurrent.FutureTask.run(FutureTask.java:266)
		at org.apache.tomcat.util.threads.InlineExecutorService.execute(InlineExecutorService.java:75)
		at java.util.concurrent.AbstractExecutorService.submit(AbstractExecutorService.java:134)
		at org.apache.catalina.core.ContainerBase.startInternal(ContainerBase.java:909)
		at org.apache.catalina.core.StandardEngine.startInternal(StandardEngine.java:262)
		at org.apache.catalina.util.LifecycleBase.start(LifecycleBase.java:183)
		at org.apache.catalina.core.StandardService.startInternal(StandardService.java:421)
		at org.apache.catalina.util.LifecycleBase.start(LifecycleBase.java:183)
		at org.apache.catalina.core.StandardServer.startInternal(StandardServer.java:932)
		at org.apache.catalina.util.LifecycleBase.start(LifecycleBase.java:183)
		at org.apache.catalina.startup.Catalina.start(Catalina.java:633)
		at sun.reflect.NativeMethodAccessorImpl.invoke0(Native Method)
		at sun.reflect.NativeMethodAccessorImpl.invoke(NativeMethodAccessorImpl.java:62)
		at sun.reflect.DelegatingMethodAccessorImpl.invoke(DelegatingMethodAccessorImpl.java:43)
		at java.lang.reflect.Method.invoke(Method.java:498)
		at org.apache.catalina.startup.Bootstrap.start(Bootstrap.java:344)
		at org.apache.catalina.startup.Bootstrap.main(Bootstrap.java:475)
	Caused by: Unable to load configuration. - action - file:/Users/jaswa-zuch749/Desktop/CTFtIme/build/tomcat/webapps/ROOT/WEB-INF/classes/struts.xml:43:98
		at com.opensymphony.xwork2.config.ConfigurationManager.getConfiguration(ConfigurationManager.java:70)
		at org.apache.struts2.dispatcher.Dispatcher.getContainer(Dispatcher.java:978)
		at org.apache.struts2.dispatcher.Dispatcher.init_PreloadConfiguration(Dispatcher.java:446)
		at org.apache.struts2.dispatcher.Dispatcher.init(Dispatcher.java:490)
		... 46 more
	Caused by: Action class [CTFtIme.challenge1.createchallenge1] not found - action - file:/Users/jaswa-zuch749/Desktop/CTFtIme/build/tomcat/webapps/ROOT/WEB-INF/classes/struts.xml:43:98
		at com.opensymphony.xwork2.config.providers.XmlConfigurationProvider.verifyAction(XmlConfigurationProvider.java:486)
		at com.opensymphony.xwork2.config.providers.XmlConfigurationProvider.addAction(XmlConfigurationProvider.java:429)
		at com.opensymphony.xwork2.config.providers.XmlConfigurationProvider.addPackage(XmlConfigurationProvider.java:556)
		at com.opensymphony.xwork2.config.providers.XmlConfigurationProvider.loadPackages(XmlConfigurationProvider.java:295)
		at org.apache.struts2.config.StrutsXmlConfigurationProvider.loadPackages(StrutsXmlConfigurationProvider.java:112)
		at com.opensymphony.xwork2.config.impl.DefaultConfiguration.reloadContainer(DefaultConfiguration.java:264)
		at com.opensymphony.xwork2.config.ConfigurationManager.getConfiguration(ConfigurationManager.java:67)
		... 49 more
22-Apr-2020 18:38:54.776 SEVERE [http-nio-8080-exec-9] org.apache.catalina.core.ApplicationDispatcher.invoke Servlet.service() for servlet [jsp] threw exception
	org.apache.jasper.JasperException: Unable to compile class for JSP: 

An error occurred at line: [100] in the jsp file: [/WEB-INF/CTFtIme/jsp/homepage.jsp]
The method getAttribute(String) in the type HttpSession is not applicable for the arguments ()
97: 
98: <script type="text/javascript">
99:     
100: var value="<%= request.getSession().getAttribute(\"challenge1\")%>";
101: consoe.log(value);
102: 
103: </script>


An error occurred at line: [100] in the jsp file: [/WEB-INF/CTFtIme/jsp/homepage.jsp]
Syntax error, insert ")" to complete MethodInvocation
97: 
98: <script type="text/javascript">
99:     
100: var value="<%= request.getSession().getAttribute(\"challenge1\")%>";
101: consoe.log(value);
102: 
103: </script>


An error occurred at line: [100] in the jsp file: [/WEB-INF/CTFtIme/jsp/homepage.jsp]
Syntax error, insert ")" to complete MethodInvocation
97: 
98: <script type="text/javascript">
99:     
100: var value="<%= request.getSession().getAttribute(\"challenge1\")%>";
101: consoe.log(value);
102: 
103: </script>


An error occurred at line: [100] in the jsp file: [/WEB-INF/CTFtIme/jsp/homepage.jsp]
Syntax error, insert ";" to complete Statement
97: 
98: <script type="text/javascript">
99:     
100: var value="<%= request.getSession().getAttribute(\"challenge1\")%>";
101: consoe.log(value);
102: 
103: </script>


Stacktrace:
		at org.apache.jasper.compiler.DefaultErrorHandler.javacError(DefaultErrorHandler.java:103)
		at org.apache.jasper.compiler.ErrorDispatcher.javacError(ErrorDispatcher.java:213)
		at org.apache.jasper.compiler.JDTCompiler.generateClass(JDTCompiler.java:522)
		at org.apache.jasper.compiler.Compiler.compile(Compiler.java:392)
		at org.apache.jasper.compiler.Compiler.compile(Compiler.java:362)
		at org.apache.jasper.compiler.Compiler.compile(Compiler.java:346)
		at org.apache.jasper.JspCompilationContext.compile(JspCompilationContext.java:603)
		at org.apache.jasper.servlet.JspServletWrapper.service(JspServletWrapper.java:399)
		at org.apache.jasper.servlet.JspServlet.serviceJspFile(JspServlet.java:385)
		at org.apache.jasper.servlet.JspServlet.service(JspServlet.java:329)
		at javax.servlet.http.HttpServlet.service(HttpServlet.java:741)
		at org.apache.catalina.core.ApplicationFilterChain.internalDoFilter(ApplicationFilterChain.java:231)
		at org.apache.catalina.core.ApplicationFilterChain.doFilter(ApplicationFilterChain.java:166)
		at org.apache.tomcat.websocket.server.WsFilter.doFilter(WsFilter.java:53)
		at org.apache.catalina.core.ApplicationFilterChain.internalDoFilter(ApplicationFilterChain.java:193)
		at org.apache.catalina.core.ApplicationFilterChain.doFilter(ApplicationFilterChain.java:166)
		at org.apache.catalina.core.ApplicationDispatcher.invoke(ApplicationDispatcher.java:712)
		at org.apache.catalina.core.ApplicationDispatcher.processRequest(ApplicationDispatcher.java:459)
		at org.apache.catalina.core.ApplicationDispatcher.doForward(ApplicationDispatcher.java:384)
		at org.apache.catalina.core.ApplicationDispatcher.forward(ApplicationDispatcher.java:312)
		at org.apache.struts2.dispatcher.ServletDispatcherResult.doExecute(ServletDispatcherResult.java:164)
		at org.apache.struts2.dispatcher.StrutsResultSupport.execute(StrutsResultSupport.java:193)
		at com.opensymphony.xwork2.DefaultActionInvocation.executeResult(DefaultActionInvocation.java:372)
		at com.opensymphony.xwork2.DefaultActionInvocation.invoke(DefaultActionInvocation.java:276)
		at org.apache.struts2.interceptor.DeprecationInterceptor.intercept(DeprecationInterceptor.java:41)
		at com.opensymphony.xwork2.DefaultActionInvocation.invoke(DefaultActionInvocation.java:245)
		at org.apache.struts2.interceptor.debugging.DebuggingInterceptor.intercept(DebuggingInterceptor.java:256)
		at com.opensymphony.xwork2.DefaultActionInvocation.invoke(DefaultActionInvocation.java:245)
		at com.opensymphony.xwork2.interceptor.DefaultWorkflowInterceptor.doIntercept(DefaultWorkflowInterceptor.java:168)
		at com.opensymphony.xwork2.interceptor.MethodFilterInterceptor.intercept(MethodFilterInterceptor.java:98)
		at com.opensymphony.xwork2.DefaultActionInvocation.invoke(DefaultActionInvocation.java:245)
		at com.opensymphony.xwork2.validator.ValidationInterceptor.doIntercept(ValidationInterceptor.java:265)
		at org.apache.struts2.interceptor.validation.AnnotationValidationInterceptor.doIntercept(AnnotationValidationInterceptor.java:76)
		at com.opensymphony.xwork2.interceptor.MethodFilterInterceptor.intercept(MethodFilterInterceptor.java:98)
		at com.opensymphony.xwork2.DefaultActionInvocation.invoke(DefaultActionInvocation.java:245)
		at com.opensymphony.xwork2.interceptor.ConversionErrorInterceptor.intercept(ConversionErrorInterceptor.java:138)
		at com.opensymphony.xwork2.DefaultActionInvocation.invoke(DefaultActionInvocation.java:245)
		at com.opensymphony.xwork2.interceptor.ParametersInterceptor.doIntercept(ParametersInterceptor.java:229)
		at com.opensymphony.xwork2.interceptor.MethodFilterInterceptor.intercept(MethodFilterInterceptor.java:98)
		at com.opensymphony.xwork2.DefaultActionInvocation.invoke(DefaultActionInvocation.java:245)
		at com.opensymphony.xwork2.interceptor.ParametersInterceptor.doIntercept(ParametersInterceptor.java:229)
		at com.opensymphony.xwork2.interceptor.MethodFilterInterceptor.intercept(MethodFilterInterceptor.java:98)
		at com.opensymphony.xwork2.DefaultActionInvocation.invoke(DefaultActionInvocation.java:245)
		at com.opensymphony.xwork2.interceptor.StaticParametersInterceptor.intercept(StaticParametersInterceptor.java:191)
		at com.opensymphony.xwork2.DefaultActionInvocation.invoke(DefaultActionInvocation.java:245)
		at org.apache.struts2.interceptor.MultiselectInterceptor.intercept(MultiselectInterceptor.java:73)
		at com.opensymphony.xwork2.DefaultActionInvocation.invoke(DefaultActionInvocation.java:245)
		at org.apache.struts2.interceptor.DateTextFieldInterceptor.intercept(DateTextFieldInterceptor.java:125)
		at com.opensymphony.xwork2.DefaultActionInvocation.invoke(DefaultActionInvocation.java:245)
		at org.apache.struts2.interceptor.CheckboxInterceptor.intercept(CheckboxInterceptor.java:91)
		at com.opensymphony.xwork2.DefaultActionInvocation.invoke(DefaultActionInvocation.java:245)
		at org.apache.struts2.interceptor.FileUploadInterceptor.intercept(FileUploadInterceptor.java:253)
		at com.opensymphony.xwork2.DefaultActionInvocation.invoke(DefaultActionInvocation.java:245)
		at com.opensymphony.xwork2.interceptor.ModelDrivenInterceptor.intercept(ModelDrivenInterceptor.java:100)
		at com.opensymphony.xwork2.DefaultActionInvocation.invoke(DefaultActionInvocation.java:245)
		at com.opensymphony.xwork2.interceptor.ScopedModelDrivenInterceptor.intercept(ScopedModelDrivenInterceptor.java:141)
		at com.opensymphony.xwork2.DefaultActionInvocation.invoke(DefaultActionInvocation.java:245)
		at com.opensymphony.xwork2.interceptor.ChainingInterceptor.intercept(ChainingInterceptor.java:145)
		at com.opensymphony.xwork2.DefaultActionInvocation.invoke(DefaultActionInvocation.java:245)
		at com.opensymphony.xwork2.interceptor.PrepareInterceptor.doIntercept(PrepareInterceptor.java:171)
		at com.opensymphony.xwork2.interceptor.MethodFilterInterceptor.intercept(MethodFilterInterceptor.java:98)
		at com.opensymphony.xwork2.DefaultActionInvocation.invoke(DefaultActionInvocation.java:245)
		at com.opensymphony.xwork2.interceptor.I18nInterceptor.intercept(I18nInterceptor.java:140)
		at com.opensymphony.xwork2.DefaultActionInvocation.invoke(DefaultActionInvocation.java:245)
		at org.apache.struts2.interceptor.ServletConfigInterceptor.intercept(ServletConfigInterceptor.java:164)
		at com.opensymphony.xwork2.DefaultActionInvocation.invoke(DefaultActionInvocation.java:245)
		at com.opensymphony.xwork2.interceptor.AliasInterceptor.intercept(AliasInterceptor.java:193)
		at com.opensymphony.xwork2.DefaultActionInvocation.invoke(DefaultActionInvocation.java:245)
		at com.opensymphony.xwork2.interceptor.ExceptionMappingInterceptor.intercept(ExceptionMappingInterceptor.java:189)
		at com.opensymphony.xwork2.DefaultActionInvocation.invoke(DefaultActionInvocation.java:245)
		at org.apache.struts2.impl.StrutsActionProxy.execute(StrutsActionProxy.java:54)
		at org.apache.struts2.dispatcher.Dispatcher.serviceAction(Dispatcher.java:575)
		at org.apache.struts2.dispatcher.ng.ExecuteOperations.executeAction(ExecuteOperations.java:81)
		at org.apache.struts2.dispatcher.ng.filter.StrutsPrepareAndExecuteFilter.doFilter(StrutsPrepareAndExecuteFilter.java:99)
		at org.apache.catalina.core.ApplicationFilterChain.internalDoFilter(ApplicationFilterChain.java:193)
		at org.apache.catalina.core.ApplicationFilterChain.doFilter(ApplicationFilterChain.java:166)
		at org.apache.catalina.core.StandardWrapperValve.invoke(StandardWrapperValve.java:202)
		at org.apache.catalina.core.StandardContextValve.invoke(StandardContextValve.java:96)
		at org.apache.catalina.authenticator.AuthenticatorBase.invoke(AuthenticatorBase.java:490)
		at org.apache.catalina.core.StandardHostValve.invoke(StandardHostValve.java:139)
		at org.apache.catalina.valves.ErrorReportValve.invoke(ErrorReportValve.java:92)
		at org.apache.catalina.valves.AbstractAccessLogValve.invoke(AbstractAccessLogValve.java:678)
		at org.apache.catalina.core.StandardEngineValve.invoke(StandardEngineValve.java:74)
		at org.apache.catalina.connector.CoyoteAdapter.service(CoyoteAdapter.java:343)
		at org.apache.coyote.http11.Http11Processor.service(Http11Processor.java:408)
		at org.apache.coyote.AbstractProcessorLight.process(AbstractProcessorLight.java:66)
		at org.apache.coyote.AbstractProtocol$ConnectionHandler.process(AbstractProtocol.java:853)
		at org.apache.tomcat.util.net.NioEndpoint$SocketProcessor.doRun(NioEndpoint.java:1587)
		at org.apache.tomcat.util.net.SocketProcessorBase.run(SocketProcessorBase.java:49)
		at java.util.concurrent.ThreadPoolExecutor.runWorker(ThreadPoolExecutor.java:1149)
		at java.util.concurrent.ThreadPoolExecutor$Worker.run(ThreadPoolExecutor.java:624)
		at org.apache.tomcat.util.threads.TaskThread$WrappingRunnable.run(TaskThread.java:61)
		at java.lang.Thread.run(Thread.java:748)
22-Apr-2020 19:25:10.937 SEVERE [Catalina-utility-1] org.apache.catalina.core.StandardContext.filterStart Exception starting filter [struts2]
	Unable to load configuration. - action - file:/Users/jaswa-zuch749/Desktop/CTFtIme/build/tomcat/webapps/ROOT/WEB-INF/classes/struts.xml:13:29
		at org.apache.struts2.dispatcher.Dispatcher.init(Dispatcher.java:504)
		at org.apache.struts2.dispatcher.ng.InitOperations.initDispatcher(InitOperations.java:74)
		at org.apache.struts2.dispatcher.ng.filter.StrutsPrepareAndExecuteFilter.init(StrutsPrepareAndExecuteFilter.java:57)
		at org.apache.catalina.core.ApplicationFilterConfig.initFilter(ApplicationFilterConfig.java:270)
		at org.apache.catalina.core.ApplicationFilterConfig.getFilter(ApplicationFilterConfig.java:251)
		at org.apache.catalina.core.ApplicationFilterConfig.<init>(ApplicationFilterConfig.java:102)
		at org.apache.catalina.core.StandardContext.filterStart(StandardContext.java:4530)
		at org.apache.catalina.core.StandardContext.startInternal(StandardContext.java:5169)
		at org.apache.catalina.util.LifecycleBase.start(LifecycleBase.java:183)
		at org.apache.catalina.core.StandardContext.reload(StandardContext.java:3755)
		at org.apache.catalina.loader.WebappLoader.backgroundProcess(WebappLoader.java:292)
		at org.apache.catalina.core.StandardContext.backgroundProcess(StandardContext.java:5527)
		at org.apache.catalina.core.ContainerBase$ContainerBackgroundProcessor.processChildren(ContainerBase.java:1353)
		at org.apache.catalina.core.ContainerBase$ContainerBackgroundProcessor.processChildren(ContainerBase.java:1357)
		at org.apache.catalina.core.ContainerBase$ContainerBackgroundProcessor.processChildren(ContainerBase.java:1357)
		at org.apache.catalina.core.ContainerBase$ContainerBackgroundProcessor.run(ContainerBase.java:1335)
		at java.util.concurrent.Executors$RunnableAdapter.call(Executors.java:511)
		at java.util.concurrent.FutureTask.runAndReset(FutureTask.java:308)
		at java.util.concurrent.ScheduledThreadPoolExecutor$ScheduledFutureTask.access$301(ScheduledThreadPoolExecutor.java:180)
		at java.util.concurrent.ScheduledThreadPoolExecutor$ScheduledFutureTask.run(ScheduledThreadPoolExecutor.java:294)
		at java.util.concurrent.ThreadPoolExecutor.runWorker(ThreadPoolExecutor.java:1149)
		at java.util.concurrent.ThreadPoolExecutor$Worker.run(ThreadPoolExecutor.java:624)
		at org.apache.tomcat.util.threads.TaskThread$WrappingRunnable.run(TaskThread.java:61)
		at java.lang.Thread.run(Thread.java:748)
	Caused by: Unable to load configuration. - action - file:/Users/jaswa-zuch749/Desktop/CTFtIme/build/tomcat/webapps/ROOT/WEB-INF/classes/struts.xml:13:29
		at com.opensymphony.xwork2.config.ConfigurationManager.getConfiguration(ConfigurationManager.java:70)
		at org.apache.struts2.dispatcher.Dispatcher.getContainer(Dispatcher.java:978)
		at org.apache.struts2.dispatcher.Dispatcher.init_PreloadConfiguration(Dispatcher.java:446)
		at org.apache.struts2.dispatcher.Dispatcher.init(Dispatcher.java:490)
		... 23 more
	Caused by: Action class [CTFtIme.welcome.addusername] not found - action - file:/Users/jaswa-zuch749/Desktop/CTFtIme/build/tomcat/webapps/ROOT/WEB-INF/classes/struts.xml:13:29
		at com.opensymphony.xwork2.config.providers.XmlConfigurationProvider.verifyAction(XmlConfigurationProvider.java:486)
		at com.opensymphony.xwork2.config.providers.XmlConfigurationProvider.addAction(XmlConfigurationProvider.java:429)
		at com.opensymphony.xwork2.config.providers.XmlConfigurationProvider.addPackage(XmlConfigurationProvider.java:556)
		at com.opensymphony.xwork2.config.providers.XmlConfigurationProvider.loadPackages(XmlConfigurationProvider.java:295)
		at org.apache.struts2.config.StrutsXmlConfigurationProvider.loadPackages(StrutsXmlConfigurationProvider.java:112)
		at com.opensymphony.xwork2.config.impl.DefaultConfiguration.reloadContainer(DefaultConfiguration.java:264)
		at com.opensymphony.xwork2.config.ConfigurationManager.getConfiguration(ConfigurationManager.java:67)
		... 26 more
22-Apr-2020 20:07:55.326 SEVERE [Catalina-utility-2] org.apache.catalina.core.StandardContext.filterStart Exception starting filter [struts2]
	Unable to load configuration. - action - file:/Users/jaswa-zuch749/Desktop/CTFtIme/build/tomcat/webapps/ROOT/WEB-INF/classes/struts.xml:13:29
		at org.apache.struts2.dispatcher.Dispatcher.init(Dispatcher.java:504)
		at org.apache.struts2.dispatcher.ng.InitOperations.initDispatcher(InitOperations.java:74)
		at org.apache.struts2.dispatcher.ng.filter.StrutsPrepareAndExecuteFilter.init(StrutsPrepareAndExecuteFilter.java:57)
		at org.apache.catalina.core.ApplicationFilterConfig.initFilter(ApplicationFilterConfig.java:270)
		at org.apache.catalina.core.ApplicationFilterConfig.getFilter(ApplicationFilterConfig.java:251)
		at org.apache.catalina.core.ApplicationFilterConfig.<init>(ApplicationFilterConfig.java:102)
		at org.apache.catalina.core.StandardContext.filterStart(StandardContext.java:4530)
		at org.apache.catalina.core.StandardContext.startInternal(StandardContext.java:5169)
		at org.apache.catalina.util.LifecycleBase.start(LifecycleBase.java:183)
		at org.apache.catalina.core.StandardContext.reload(StandardContext.java:3755)
		at org.apache.catalina.loader.WebappLoader.backgroundProcess(WebappLoader.java:292)
		at org.apache.catalina.core.StandardContext.backgroundProcess(StandardContext.java:5527)
		at org.apache.catalina.core.ContainerBase$ContainerBackgroundProcessor.processChildren(ContainerBase.java:1353)
		at org.apache.catalina.core.ContainerBase$ContainerBackgroundProcessor.processChildren(ContainerBase.java:1357)
		at org.apache.catalina.core.ContainerBase$ContainerBackgroundProcessor.processChildren(ContainerBase.java:1357)
		at org.apache.catalina.core.ContainerBase$ContainerBackgroundProcessor.run(ContainerBase.java:1335)
		at java.util.concurrent.Executors$RunnableAdapter.call(Executors.java:511)
		at java.util.concurrent.FutureTask.runAndReset(FutureTask.java:308)
		at java.util.concurrent.ScheduledThreadPoolExecutor$ScheduledFutureTask.access$301(ScheduledThreadPoolExecutor.java:180)
		at java.util.concurrent.ScheduledThreadPoolExecutor$ScheduledFutureTask.run(ScheduledThreadPoolExecutor.java:294)
		at java.util.concurrent.ThreadPoolExecutor.runWorker(ThreadPoolExecutor.java:1149)
		at java.util.concurrent.ThreadPoolExecutor$Worker.run(ThreadPoolExecutor.java:624)
		at org.apache.tomcat.util.threads.TaskThread$WrappingRunnable.run(TaskThread.java:61)
		at java.lang.Thread.run(Thread.java:748)
	Caused by: Unable to load configuration. - action - file:/Users/jaswa-zuch749/Desktop/CTFtIme/build/tomcat/webapps/ROOT/WEB-INF/classes/struts.xml:13:29
		at com.opensymphony.xwork2.config.ConfigurationManager.getConfiguration(ConfigurationManager.java:70)
		at org.apache.struts2.dispatcher.Dispatcher.getContainer(Dispatcher.java:978)
		at org.apache.struts2.dispatcher.Dispatcher.init_PreloadConfiguration(Dispatcher.java:446)
		at org.apache.struts2.dispatcher.Dispatcher.init(Dispatcher.java:490)
		... 23 more
	Caused by: Action class [CTFtIme.welcome.addusername] not found - action - file:/Users/jaswa-zuch749/Desktop/CTFtIme/build/tomcat/webapps/ROOT/WEB-INF/classes/struts.xml:13:29
		at com.opensymphony.xwork2.config.providers.XmlConfigurationProvider.verifyAction(XmlConfigurationProvider.java:486)
		at com.opensymphony.xwork2.config.providers.XmlConfigurationProvider.addAction(XmlConfigurationProvider.java:429)
		at com.opensymphony.xwork2.config.providers.XmlConfigurationProvider.addPackage(XmlConfigurationProvider.java:556)
		at com.opensymphony.xwork2.config.providers.XmlConfigurationProvider.loadPackages(XmlConfigurationProvider.java:295)
		at org.apache.struts2.config.StrutsXmlConfigurationProvider.loadPackages(StrutsXmlConfigurationProvider.java:112)
		at com.opensymphony.xwork2.config.impl.DefaultConfiguration.reloadContainer(DefaultConfiguration.java:264)
		at com.opensymphony.xwork2.config.ConfigurationManager.getConfiguration(ConfigurationManager.java:67)
		... 26 more
